<?xml version="1.0" encoding="UTF-8"?>
<!-- Generated by org.testng.reporters.JUnitXMLReporter -->
<testsuite hostname="acer-PC" ignored="0" name="Test" tests="20" failures="0" timestamp="20 Feb 2019 10:32:12 GMT" time="37.358" errors="0">
  <testcase name="verify_Url" time="0.04" classname="dummyApp.Login_TestCase"/>
  <testcase name="verify_ApplicationTitle" time="0.025" classname="dummyApp.Login_TestCase"/>
  <testcase name="verify_Title" time="0.122" classname="dummyApp.Login_TestCase"/>
  <testcase name="login_Session" time="0.152" classname="dummyApp.Login_TestCase"/>
  <testcase name="check_PlaceHolder_Username" time="0.075" classname="dummyApp.Login_TestCase"/>
  <testcase name="check_PlaceHolder_Password" time="0.106" classname="dummyApp.Login_TestCase"/>
  <testcase name="check_Button_Color" time="0.275" classname="dummyApp.Login_TestCase"/>
  <testcase name="check_Links" time="0.38" classname="dummyApp.Login_TestCase"/>
  <testcase name="blank_Username_Password" time="0.583" classname="dummyApp.Login_TestCase"/>
  <testcase name="invalid_username_password" time="4.593" classname="dummyApp.Login_TestCase"/>
  <testcase name="valid_username_password" time="1.573" classname="dummyApp.Login_TestCase"/>
  <testcase name="url_Dashboard" time="0.023" classname="dummyApp.Login_TestCase"/>
  <testcase name="application_title_dashboard" time="0.014" classname="dummyApp.Login_TestCase"/>
  <testcase name="heading_Dashboard" time="2.099" classname="dummyApp.Login_TestCase"/>
  <testcase name="click_onUser" time="0.759" classname="dummyApp.Login_TestCase"/>
  <testcase name="getTabledata" time="9.025" classname="dummyApp.Login_TestCase"/>
  <testcase name="click_on_addUser" time="2.579" classname="dummyApp.Login_TestCase"/>
  <testcase name="fill_form" time="1.937" classname="dummyApp.Login_TestCase"/>
  <testcase name="clickOn_Operatorbtn" time="12.164" classname="dummyApp.Login_TestCase"/>
  <testcase name="clickOn_logOut" time="0.611" classname="dummyApp.Login_TestCase"/>
</testsuite> <!-- Test -->
